d:\vcpro\controlmobile\controlmobile\x64\debug\vc142.pdb
d:\vcpro\controlmobile\controlmobile\x64\debug\videoservice.obj
d:\vcpro\controlmobile\controlmobile\x64\debug\stdafx.obj
d:\vcpro\controlmobile\controlmobile\x64\debug\soundservice.obj
d:\vcpro\controlmobile\controlmobile\x64\debug\sdlwindow.obj
d:\vcpro\controlmobile\controlmobile\x64\debug\controller.obj
d:\vcpro\controlmobile\controlmobile\x64\debug\controlmobiledlg.obj
d:\vcpro\controlmobile\controlmobile\x64\debug\controlmobile.obj
d:\vcpro\controlmobile\x64\debug\controlmobile.exe
d:\vcpro\controlmobile\x64\debug\controlmobile.ilk
d:\vcpro\controlmobile\x64\debug\controlmobile.pdb
d:\vcpro\controlmobile\controlmobile\x64\debug\controlmobile.res
d:\vcpro\controlmobile\controlmobile\x64\debug\controlmobile.tlog\cl.command.1.tlog
d:\vcpro\controlmobile\controlmobile\x64\debug\controlmobile.tlog\cl.read.1.tlog
d:\vcpro\controlmobile\controlmobile\x64\debug\controlmobile.tlog\cl.write.1.tlog
d:\vcpro\controlmobile\controlmobile\x64\debug\controlmobile.tlog\link.command.1.tlog
d:\vcpro\controlmobile\controlmobile\x64\debug\controlmobile.tlog\link.read.1.tlog
d:\vcpro\controlmobile\controlmobile\x64\debug\controlmobile.tlog\link.write.1.tlog
d:\vcpro\controlmobile\controlmobile\x64\debug\controlmobile.tlog\rc.command.1.tlog
d:\vcpro\controlmobile\controlmobile\x64\debug\controlmobile.tlog\rc.read.1.tlog
d:\vcpro\controlmobile\controlmobile\x64\debug\controlmobile.tlog\rc.write.1.tlog
